<?xml version="1.0" encoding="UTF-8"?>
<!-- Generated by org.testng.reporters.JUnitXMLReporter -->
<testsuite hostname="LAPTOP-7FEBO63T" ignored="0" name="LoginPage" tests="4" failures="0" timestamp="02 Sep 2020 10:29:14 GMT" time="43.787" errors="0">
  <testcase name="verifyTitle" time="1.484" classname="com.fisdom.testcases.LoginTest"/>
  <testcase name="verifyAllFieldStatus" time="1.325" classname="com.fisdom.testcases.LoginTest"/>
  <testcase name="loginViaEmail" time="8.825" classname="com.fisdom.testcases.LoginTest"/>
  <testcase name="logout" time="6.998" classname="com.fisdom.testcases.LoginTest"/>
</testsuite> <!-- LoginPage -->
