<?xml version="1.0" encoding="UTF-8"?>
<!-- Generated by org.testng.reporters.JUnitXMLReporter -->
<testsuite hostname="LAPTOP-7FEBO63T" ignored="0" name="Register" tests="2" failures="1" timestamp="02 Sep 2020 10:01:46 GMT" time="34.142" errors="0">
  <testcase name="@BeforeMethod setUp" time="9.023" classname="com.fisdom.testcases.HomeTest">
    <failure type="java.lang.NullPointerException">
      <![CDATA[java.lang.NullPointerException
at com.fisdom.pages.LoginPage.clickOnLogin(LoginPage.java:79)
at com.fisdom.testcases.HomeTest.setUp(HomeTest.java:24)
... Removed 28 stack frames]]>
    </failure>
  </testcase> <!-- @BeforeMethod setUp -->
  <testcase name="@AfterClass closeBrowser" time="0.0" classname="com.fisdom.utility.TestBase">
    <skipped/>
  </testcase> <!-- @AfterClass closeBrowser -->
  <testcase name="verifyHomePage" time="0.0" classname="com.fisdom.testcases.HomeTest">
    <skipped/>
  </testcase> <!-- verifyHomePage -->
  <testcase name="verifyHomePage" time="9.167" classname="com.fisdom.testcases.HomeTest">
    <failure type="java.lang.NullPointerException">
      <![CDATA[java.lang.NullPointerException
at com.fisdom.reports.TestListener.onTestSkipped(TestListener.java:76)
... Removed 23 stack frames]]>
    </failure>
  </testcase> <!-- verifyHomePage -->
</testsuite> <!-- Register -->
