<?xml version="1.0" encoding="UTF-8"?>
<testng-results skipped="0" failed="0" ignored="0" total="4" passed="4">
  <reporter-output>
  </reporter-output>
  <suite name="Tour Sign Up Suite" duration-ms="43787" started-at="2020-09-02T10:28:30Z" finished-at="2020-09-02T10:29:13Z">
    <groups>
    </groups>
    <test name="LoginPage" duration-ms="43787" started-at="2020-09-02T10:28:30Z" finished-at="2020-09-02T10:29:13Z">
      <class name="com.fisdom.testcases.LoginTest">
        <test-method status="PASS" signature="triggerDependency(java.lang.String)[pri:0, instance:com.fisdom.testcases.LoginTest@1cab0bfb]" name="triggerDependency" is-config="true" duration-ms="22171" started-at="2020-09-02T10:28:30Z" finished-at="2020-09-02T10:28:52Z">
          <params>
            <param index="0">
              <value>
                <![CDATA[chrome]]>
              </value>
            </param>
          </params>
          <reporter-output>
          </reporter-output>
        </test-method> <!-- triggerDependency -->
        <test-method status="PASS" signature="setUp()[pri:0, instance:com.fisdom.testcases.LoginTest@1cab0bfb]" name="setUp" is-config="true" duration-ms="347" started-at="2020-09-02T10:28:52Z" finished-at="2020-09-02T10:28:52Z">
          <reporter-output>
          </reporter-output>
        </test-method> <!-- setUp -->
        <test-method status="PASS" signature="verifyTitle()[pri:1, instance:com.fisdom.testcases.LoginTest@1cab0bfb]" name="verifyTitle" duration-ms="1484" started-at="2020-09-02T10:28:52Z" finished-at="2020-09-02T10:28:54Z">
          <reporter-output>
          </reporter-output>
        </test-method> <!-- verifyTitle -->
        <test-method status="PASS" signature="setUp()[pri:0, instance:com.fisdom.testcases.LoginTest@1cab0bfb]" name="setUp" is-config="true" duration-ms="16" started-at="2020-09-02T10:28:54Z" finished-at="2020-09-02T10:28:54Z">
          <reporter-output>
          </reporter-output>
        </test-method> <!-- setUp -->
        <test-method status="PASS" signature="verifyAllFieldStatus()[pri:2, instance:com.fisdom.testcases.LoginTest@1cab0bfb]" name="verifyAllFieldStatus" duration-ms="1325" started-at="2020-09-02T10:28:54Z" finished-at="2020-09-02T10:28:55Z">
          <reporter-output>
          </reporter-output>
        </test-method> <!-- verifyAllFieldStatus -->
        <test-method status="PASS" signature="loginViaEmail()[pri:3, instance:com.fisdom.testcases.LoginTest@1cab0bfb]" name="loginViaEmail" duration-ms="8825" started-at="2020-09-02T10:28:55Z" finished-at="2020-09-02T10:29:04Z">
          <reporter-output>
          </reporter-output>
        </test-method> <!-- loginViaEmail -->
        <test-method status="PASS" signature="setUp()[pri:0, instance:com.fisdom.testcases.LoginTest@1cab0bfb]" name="setUp" is-config="true" duration-ms="0" started-at="2020-09-02T10:28:55Z" finished-at="2020-09-02T10:28:55Z">
          <reporter-output>
          </reporter-output>
        </test-method> <!-- setUp -->
        <test-method status="PASS" signature="setUp()[pri:0, instance:com.fisdom.testcases.LoginTest@1cab0bfb]" name="setUp" is-config="true" duration-ms="2" started-at="2020-09-02T10:29:04Z" finished-at="2020-09-02T10:29:04Z">
          <reporter-output>
          </reporter-output>
        </test-method> <!-- setUp -->
        <test-method status="PASS" signature="logout()[pri:0, instance:com.fisdom.testcases.LoginTest@1cab0bfb]" name="logout" duration-ms="6998" started-at="2020-09-02T10:29:04Z" depends-on-methods="com.fisdom.testcases.LoginTest.loginViaEmail" finished-at="2020-09-02T10:29:11Z">
          <reporter-output>
          </reporter-output>
        </test-method> <!-- logout -->
        <test-method status="PASS" signature="closeBrowser()[pri:0, instance:com.fisdom.testcases.LoginTest@1cab0bfb]" name="closeBrowser" is-config="true" duration-ms="2341" started-at="2020-09-02T10:29:11Z" finished-at="2020-09-02T10:29:13Z">
          <reporter-output>
          </reporter-output>
        </test-method> <!-- closeBrowser -->
      </class> <!-- com.fisdom.testcases.LoginTest -->
    </test> <!-- LoginPage -->
  </suite> <!-- Tour Sign Up Suite -->
</testng-results>
